{"level":"info","message":"Login attempt started","service":"user-service"}
{"level":"info","message":"Login attempt for email: ajayep626@gmail.com","service":"user-service"}
{"$metadata":{"attempts":1,"httpStatusCode":200,"requestId":"M5QQTF9U2MRLOM4REICD7HB4F3VV4KQNSO5AEMVJF66Q9ASUAAJG","totalRetryDelay":0},"Count":1,"Items":[{"createdAt":"2024-12-31T08:00:03.684Z","email":"ajayep626@gmail.com","firstName":"ajay","lastName":"KUMAR E P","password":"$2b$10$MR/9828A3wM.Ic0L4xKDvONABNH9w2RSCatTYuUFXTxM8EESa7twO","phone":"+918113977626","userId":"AJKU7626"}],"ScannedCount":1,"level":"info","message":"DynamoDB query result:","service":"user-service"}
{"level":"warn","message":"Password does not match","service":"user-service"}
{"level":"info","message":"Login attempt started","service":"user-service"}
{"level":"info","message":"Login attempt for email: ajayep626@gmail.com","service":"user-service"}
{"$metadata":{"attempts":1,"httpStatusCode":200,"requestId":"KGPD8OIMLAMULID6TS15P2LUTRVV4KQNSO5AEMVJF66Q9ASUAAJG","totalRetryDelay":0},"Count":1,"Items":[{"createdAt":"2024-12-31T08:00:03.684Z","email":"ajayep626@gmail.com","firstName":"ajay","lastName":"KUMAR E P","password":"$2b$10$MR/9828A3wM.Ic0L4xKDvONABNH9w2RSCatTYuUFXTxM8EESa7twO","phone":"+918113977626","userId":"AJKU7626"}],"ScannedCount":1,"level":"info","message":"DynamoDB query result:","service":"user-service"}
{"level":"info","message":"JWT generated","service":"user-service"}
{"level":"info","message":"Login successful","service":"user-service"}
{"level":"info","message":"Login attempt started","service":"user-service","timestamp":"2024-12-31T10:15:00.789Z"}
{"level":"info","message":"Login attempt for email: ajayep626@gmail.com","service":"user-service","timestamp":"2024-12-31T10:15:00.794Z"}
{"$metadata":{"attempts":1,"httpStatusCode":200,"requestId":"0M2QVQ0LR0V4EBM06EB10830TJVV4KQNSO5AEMVJF66Q9ASUAAJG","totalRetryDelay":0},"Count":1,"Items":[{"createdAt":"2024-12-31T08:00:03.684Z","email":"ajayep626@gmail.com","firstName":"ajay","lastName":"KUMAR E P","password":"$2b$10$MR/9828A3wM.Ic0L4xKDvONABNH9w2RSCatTYuUFXTxM8EESa7twO","phone":"+918113977626","userId":"AJKU7626"}],"ScannedCount":1,"level":"info","message":"DynamoDB query result:","service":"user-service","timestamp":"2024-12-31T10:15:00.839Z"}
{"level":"info","message":"JWT generated","service":"user-service","timestamp":"2024-12-31T10:15:00.921Z"}
{"level":"info","message":"Login successful","service":"user-service","timestamp":"2024-12-31T10:15:00.923Z"}
{"level":"info","message":"Message sent successfully:","response":{"$metadata":{"attempts":1,"httpStatusCode":200,"requestId":"04c5bb4c-3a91-5699-b039-e4a1f2bdccfa","totalRetryDelay":0},"MessageId":"e605e0a7-c6d0-534d-8f55-bf4a0efcd92e"},"service":"user-service","timestamp":"2024-12-31T10:22:38.080Z"}
{"level":"info","message":"Login attempt started","service":"user-service","timestamp":"2024-12-31T10:23:52.603Z"}
{"level":"info","message":"Login attempt for email: deepa@gmail.com","service":"user-service","timestamp":"2024-12-31T10:23:52.607Z"}
{"$metadata":{"attempts":1,"httpStatusCode":200,"requestId":"EV8U02FS4S90D23BQUBABKC9GRVV4KQNSO5AEMVJF66Q9ASUAAJG","totalRetryDelay":0},"Count":1,"Items":[{"createdAt":"2024-12-31T10:23:16.874Z","email":"deepa@gmail.com","firstName":"deepa","lastName":"kumar","password":"$2b$10$QC8D0sooiDUsw53Zs2XQWOIjxC/U9L7D7rNNPa.gdPcbFfFnLc7SG","phone":"+918113977626","userId":"DEKU7626"}],"ScannedCount":1,"level":"info","message":"DynamoDB query result:","service":"user-service","timestamp":"2024-12-31T10:23:52.667Z"}
{"level":"info","message":"JWT generated","service":"user-service","timestamp":"2024-12-31T10:23:52.817Z"}
{"level":"info","message":"Login successful","service":"user-service","timestamp":"2024-12-31T10:23:52.819Z"}
{"level":"info","message":"Login attempt started","service":"user-service","timestamp":"2024-12-31T12:14:22.536Z"}
{"level":"info","message":"Login attempt for email: ajay@gmail.com","service":"user-service","timestamp":"2024-12-31T12:14:22.540Z"}
{"$metadata":{"attempts":1,"httpStatusCode":200,"requestId":"C5C095QIKIBROC0DASO0A34TQJVV4KQNSO5AEMVJF66Q9ASUAAJG","totalRetryDelay":0},"Count":0,"Items":[],"ScannedCount":0,"level":"info","message":"DynamoDB query result:","service":"user-service","timestamp":"2024-12-31T12:14:22.823Z"}
{"level":"warn","message":"No user found with the provided email","service":"user-service","timestamp":"2024-12-31T12:14:22.826Z"}
{"level":"info","message":"Login attempt started","service":"user-service","timestamp":"2024-12-31T12:14:35.413Z"}
{"level":"info","message":"Login attempt for email: ajay@gmail.com","service":"user-service","timestamp":"2024-12-31T12:14:35.414Z"}
{"$metadata":{"attempts":1,"httpStatusCode":200,"requestId":"IGO6HULOGKQMCJT0E839M4EI8BVV4KQNSO5AEMVJF66Q9ASUAAJG","totalRetryDelay":0},"Count":0,"Items":[],"ScannedCount":0,"level":"info","message":"DynamoDB query result:","service":"user-service","timestamp":"2024-12-31T12:14:35.455Z"}
{"level":"warn","message":"No user found with the provided email","service":"user-service","timestamp":"2024-12-31T12:14:35.456Z"}
{"level":"info","message":"Login attempt started","service":"user-service","timestamp":"2024-12-31T12:15:11.013Z"}
{"level":"info","message":"Login attempt for email: deepa@gmail.com","service":"user-service","timestamp":"2024-12-31T12:15:11.014Z"}
{"$metadata":{"attempts":1,"httpStatusCode":200,"requestId":"6JNL8UE6GAOCAV0GL9VUDG791NVV4KQNSO5AEMVJF66Q9ASUAAJG","totalRetryDelay":0},"Count":1,"Items":[{"createdAt":"2024-12-31T10:23:16.874Z","email":"deepa@gmail.com","firstName":"deepa","lastName":"kumar","password":"$2b$10$QC8D0sooiDUsw53Zs2XQWOIjxC/U9L7D7rNNPa.gdPcbFfFnLc7SG","phone":"+918113977626","userId":"DEKU7626"}],"ScannedCount":1,"level":"info","message":"DynamoDB query result:","service":"user-service","timestamp":"2024-12-31T12:15:11.065Z"}
{"level":"info","message":"JWT generated","service":"user-service","timestamp":"2024-12-31T12:15:11.155Z"}
{"level":"info","message":"Login successful","service":"user-service","timestamp":"2024-12-31T12:15:11.156Z"}
{"level":"info","message":"Message sent successfully:","response":{"$metadata":{"attempts":1,"httpStatusCode":200,"requestId":"1c370e2e-1576-5ecf-9f48-51c3f7a7ebcd","totalRetryDelay":0},"MessageId":"a70594ec-a709-59fe-99d9-cb0145d8ccfc"},"service":"user-service","timestamp":"2024-12-31T12:16:19.046Z"}
{"level":"info","message":"Message sent successfully:","response":{"$metadata":{"attempts":1,"httpStatusCode":200,"requestId":"9c8ffcb0-a967-5cd3-8fec-a35e4f70d6b0","totalRetryDelay":0},"MessageId":"c8244a06-bb21-5faa-9050-15e85d3615c9"},"service":"user-service","timestamp":"2025-01-01T06:42:31.603Z"}
{"level":"info","message":"Message sent successfully:","response":{"$metadata":{"attempts":1,"httpStatusCode":200,"requestId":"155baea0-7951-5f4d-b227-f14e9e0d2808","totalRetryDelay":0},"MessageId":"54a4fbc7-4c4f-5172-a5cc-a429ab13e637"},"service":"user-service","timestamp":"2025-01-01T06:47:56.548Z"}
{"level":"info","message":"Message sent successfully:","response":{"$metadata":{"attempts":1,"httpStatusCode":200,"requestId":"eeb1b33f-5350-5e5b-a4e0-ecd1a04a283c","totalRetryDelay":0},"MessageId":"7d0cbec7-f3c9-55f5-b654-e12900d30392"},"service":"user-service","timestamp":"2025-01-01T07:38:02.057Z"}
{"level":"info","message":"Message sent successfully:","response":{"$metadata":{"attempts":1,"httpStatusCode":200,"requestId":"c6ea96bc-4584-54dc-901b-c952b1853741","totalRetryDelay":0},"MessageId":"6dcdbf92-6029-57d8-9683-e07c94281445"},"service":"user-service","timestamp":"2025-01-01T07:41:53.898Z"}
{"level":"info","message":"Login attempt started","service":"user-service","timestamp":"2025-01-01T07:43:15.301Z"}
{"level":"info","message":"Login attempt for email: dayep626@gmail.com","service":"user-service","timestamp":"2025-01-01T07:43:15.305Z"}
{"$metadata":{"attempts":1,"httpStatusCode":200,"requestId":"ML1CJ5TOIF9APHVNESS3ABRI0RVV4KQNSO5AEMVJF66Q9ASUAAJG","totalRetryDelay":0},"Count":1,"Items":[{"createdAt":"2024-12-31T04:44:14.089Z","email":"dayep626@gmail.com","firstName":"AJAY","lastName":"E P","password":"$2b$10$gke8N6QE/0L71ZQ/OptIvu8Izvllm3kNJeX4pzz8oQ3nlp8oLOsA6","phone":"+918113977626","userId":"AJE 7626"}],"ScannedCount":1,"level":"info","message":"DynamoDB query result:","service":"user-service","timestamp":"2025-01-01T07:43:15.346Z"}
{"level":"info","message":"JWT generated","service":"user-service","timestamp":"2025-01-01T07:43:15.512Z"}
{"level":"info","message":"Login successful","service":"user-service","timestamp":"2025-01-01T07:43:15.516Z"}
{"level":"info","message":"Message sent successfully:","response":{"$metadata":{"attempts":1,"httpStatusCode":200,"requestId":"296056c3-1acb-5535-ad01-092def836bb0","totalRetryDelay":0},"MessageId":"4c95e807-e081-5757-a01f-b7e915c929d2"},"service":"user-service","timestamp":"2025-01-01T07:47:20.477Z"}
{"level":"info","message":"Message sent successfully:","response":{"$metadata":{"attempts":1,"httpStatusCode":200,"requestId":"b64515e1-fffb-54b2-b7ba-4a0f085962f7","totalRetryDelay":0},"MessageId":"20911b48-c706-5ea1-9f14-44a630a408e4"},"service":"user-service","timestamp":"2025-01-01T07:57:22.822Z"}
{"level":"info","message":"Message sent successfully:","response":{"$metadata":{"attempts":1,"httpStatusCode":200,"requestId":"481341d0-7c86-53b3-96f5-1e3e8b353f68","totalRetryDelay":0},"MessageId":"e75643ce-c258-5feb-bd7c-1c2035eb8330"},"service":"user-service","timestamp":"2025-01-01T07:57:38.985Z"}
{"level":"info","message":"Message sent successfully:","response":{"$metadata":{"attempts":1,"httpStatusCode":200,"requestId":"8debdfb1-8c60-52c1-9919-805f751c6b4a","totalRetryDelay":0},"MessageId":"6364e9f4-1e09-5e0b-83cd-b61ae7752780"},"senderID":"verbalyze","service":"user-service","timestamp":"2025-01-01T08:05:16.608Z"}
{"level":"info","message":"Message sent successfully:","response":{"$metadata":{"attempts":1,"httpStatusCode":200,"requestId":"2da4a443-9fc7-5286-98b7-fbad655481b9","totalRetryDelay":0},"MessageId":"1b1dc704-fc6e-542f-9db3-98ea06fdb710"},"senderID":"verbalyze","service":"user-service","timestamp":"2025-01-01T08:09:55.527Z"}
{"level":"info","message":"Message sent successfully:","response":{"$metadata":{"attempts":1,"httpStatusCode":200,"requestId":"7041f233-60bb-52b4-b172-addd9a671210","totalRetryDelay":0},"MessageId":"7839bcc5-2735-5cda-9054-e32bdde92c7e"},"senderID":"verbalyze","service":"user-service","timestamp":"2025-01-01T08:11:08.003Z"}
{"level":"info","message":"Message sent successfully:","response":{"$metadata":{"attempts":1,"httpStatusCode":200,"requestId":"279e69c1-331d-53f1-abb1-362fc88fd6af","totalRetryDelay":0},"MessageId":"9ff58192-6840-5b20-bc27-de7c93d2de7e"},"senderID":"verbalyze","service":"user-service","timestamp":"2025-01-01T08:14:10.188Z"}
